<?xml version="1.0" encoding="UTF-8"?>
<testng-results ignored="0" total="1" passed="1" failed="0" skipped="0">
  <reporter-output>
  </reporter-output>
  <suite started-at="2025-07-03T14:49:04 IST" name="Default suite" finished-at="2025-07-03T14:49:04 IST" duration-ms="113">
    <groups>
    </groups>
    <test started-at="2025-07-03T14:49:04 IST" name="Default test" finished-at="2025-07-03T14:49:04 IST" duration-ms="113">
      <class name="pac1Test.mvn_1_test">
        <test-method signature="getDataFromXmlUsingMavenTest()[pri:0, instance:pac1Test.mvn_1_test@3e694b3f]" started-at="2025-07-03T14:49:04 IST" name="getDataFromXmlUsingMavenTest" finished-at="2025-07-03T14:49:04 IST" duration-ms="25" status="PASS">
          <reporter-output>
          </reporter-output>
        </test-method> <!-- getDataFromXmlUsingMavenTest -->
      </class> <!-- pac1Test.mvn_1_test -->
    </test> <!-- Default test -->
  </suite> <!-- Default suite -->
</testng-results>
